<?xml version="1.0" encoding="UTF-8"?>
<testsuite xmlns:xsi="http://www.w3.org/2001/XMLSchema-instance" xsi:noNamespaceSchemaLocation="https://maven.apache.org/surefire/maven-surefire-plugin/xsd/surefire-test-report-3.0.xsd" version="3.0" name="com.runnertests.RunnerTest" time="4.978" tests="3" errors="0" skipped="0" failures="0">
  <properties>
[...]
</properties>
  <testcase name="runScenario[&quot;Verify if place is being successfully added using addPlaceAPI&quot;, &quot;Validating Place API&quot;](1)" classname="com.runnertests.RunnerTest" time="2.893">
    <system-out><![CDATA[AddPlaceAPI
GetPlaceAPI
actual name: Shital
]]></system-out>
    <system-err><![CDATA[SLF4J: Failed to load class "org.slf4j.impl.StaticLoggerBinder".
SLF4J: Defaulting to no-operation (NOP) logger implementation
SLF4J: See http://www.slf4j.org/codes.html#StaticLoggerBinder for further details.
]]></system-err>
  </testcase>
  <testcase name="runScenario[&quot;Verify if place is being successfully added using addPlaceAPI&quot;, &quot;Validating Place API&quot;](2)" classname="com.runnertests.RunnerTest" time="0.697">
    <system-out><![CDATA[AddPlaceAPI
GetPlaceAPI
actual name: Fang Lang
]]></system-out>
  </testcase>
  <testcase name="runScenario[&quot;Verify if place is being successfully deleted using DeletePlaceAPI&quot;, &quot;Validating Place API&quot;](3)" classname="com.runnertests.RunnerTest" time="0.583">
    <system-out><![CDATA[DeletePlaceAPI
]]></system-out>
  </testcase>
</testsuite>