<?xml version="1.0" encoding="UTF-8"?>
<testng-results skipped="0" failed="0" ignored="0" total="3" passed="3">
  <reporter-output>
  </reporter-output>
  <suite name="Surefire suite" duration-ms="4587" started-at="2022-10-10T18:24:02 IST" finished-at="2022-10-10T18:24:06 IST">
    <groups>
      <group name="cucumber">
        <method signature="AbstractTestNGCucumberTests.runScenario(io.cucumber.testng.PickleWrapper,io.cucumber.testng.FeatureWrapper)[pri:0, instance:com.runnertests.RunnerTest@8e24743]" name="runScenario" class="io.cucumber.testng.AbstractTestNGCucumberTests"/>
      </group> <!-- cucumber -->
    </groups>
    <test name="Surefire test" duration-ms="4587" started-at="2022-10-10T18:24:02 IST" finished-at="2022-10-10T18:24:06 IST">
      <class name="com.runnertests.RunnerTest">
        <test-method status="PASS" signature="setUpClass(org.testng.ITestContext)[pri:0, instance:com.runnertests.RunnerTest@8e24743]" name="setUpClass" is-config="true" duration-ms="164" started-at="2022-10-10T18:24:02 IST" finished-at="2022-10-10T18:24:02 IST">
          <params>
            <param index="0">
              <value>
                <![CDATA[org.testng.TestRunner@3667faa8]]>
              </value>
            </param>
          </params>
          <reporter-output>
          </reporter-output>
        </test-method> <!-- setUpClass -->
        <test-method status="PASS" signature="runScenario(io.cucumber.testng.PickleWrapper,io.cucumber.testng.FeatureWrapper)[pri:0, instance:com.runnertests.RunnerTest@8e24743]" name="runScenario" duration-ms="2892" started-at="2022-10-10T18:24:02 IST" description="Runs Cucumber Scenarios" data-provider="scenarios" finished-at="2022-10-10T18:24:05 IST">
          <params>
            <param index="0">
              <value>
                <![CDATA["Verify if place is being successfully added using addPlaceAPI"]]>
              </value>
            </param>
            <param index="1">
              <value>
                <![CDATA["Validating Place API"]]>
              </value>
            </param>
          </params>
          <reporter-output>
          </reporter-output>
        </test-method> <!-- runScenario -->
        <test-method status="PASS" signature="runScenario(io.cucumber.testng.PickleWrapper,io.cucumber.testng.FeatureWrapper)[pri:0, instance:com.runnertests.RunnerTest@8e24743]" name="runScenario" duration-ms="697" started-at="2022-10-10T18:24:05 IST" description="Runs Cucumber Scenarios" data-provider="scenarios" finished-at="2022-10-10T18:24:05 IST">
          <params>
            <param index="0">
              <value>
                <![CDATA["Verify if place is being successfully added using addPlaceAPI"]]>
              </value>
            </param>
            <param index="1">
              <value>
                <![CDATA["Validating Place API"]]>
              </value>
            </param>
          </params>
          <reporter-output>
          </reporter-output>
        </test-method> <!-- runScenario -->
        <test-method status="PASS" signature="runScenario(io.cucumber.testng.PickleWrapper,io.cucumber.testng.FeatureWrapper)[pri:0, instance:com.runnertests.RunnerTest@8e24743]" name="runScenario" duration-ms="583" started-at="2022-10-10T18:24:05 IST" description="Runs Cucumber Scenarios" data-provider="scenarios" finished-at="2022-10-10T18:24:06 IST">
          <params>
            <param index="0">
              <value>
                <![CDATA["Verify if place is being successfully deleted using DeletePlaceAPI"]]>
              </value>
            </param>
            <param index="1">
              <value>
                <![CDATA["Validating Place API"]]>
              </value>
            </param>
          </params>
          <reporter-output>
          </reporter-output>
        </test-method> <!-- runScenario -->
        <test-method status="PASS" signature="tearDownClass()[pri:0, instance:com.runnertests.RunnerTest@8e24743]" name="tearDownClass" is-config="true" duration-ms="228" started-at="2022-10-10T18:24:06 IST" finished-at="2022-10-10T18:24:06 IST">
          <reporter-output>
          </reporter-output>
        </test-method> <!-- tearDownClass -->
      </class> <!-- com.runnertests.RunnerTest -->
    </test> <!-- Surefire test -->
  </suite> <!-- Surefire suite -->
</testng-results>
